mode: set
fieldfuze-backend/utils/logger/logger.go:29.45,33.15 2 1
fieldfuze-backend/utils/logger/logger.go:34.15,35.37 1 1
fieldfuze-backend/utils/logger/logger.go:36.14,37.36 1 1
fieldfuze-backend/utils/logger/logger.go:38.14,39.36 1 1
fieldfuze-backend/utils/logger/logger.go:40.15,41.37 1 1
fieldfuze-backend/utils/logger/logger.go:42.10,43.36 1 1
fieldfuze-backend/utils/logger/logger.go:47.2,47.22 1 1
fieldfuze-backend/utils/logger/logger.go:47.22,51.3 1 1
fieldfuze-backend/utils/logger/logger.go:51.8,57.3 1 1
fieldfuze-backend/utils/logger/logger.go:59.2,61.38 2 1
fieldfuze-backend/utils/logger/logger.go:65.51,67.2 1 1
fieldfuze-backend/utils/logger/logger.go:70.67,72.2 1 1
fieldfuze-backend/utils/logger/logger.go:75.50,77.2 1 1
fieldfuze-backend/utils/logger/logger.go:80.66,82.2 1 1
fieldfuze-backend/utils/logger/logger.go:85.50,87.2 1 1
fieldfuze-backend/utils/logger/logger.go:90.66,92.2 1 1
fieldfuze-backend/utils/logger/logger.go:95.51,97.2 1 1
fieldfuze-backend/utils/logger/logger.go:100.67,102.2 1 1
fieldfuze-backend/utils/logger/logger.go:105.51,107.2 1 0
fieldfuze-backend/utils/logger/logger.go:110.67,112.2 1 0
fieldfuze-backend/utils/swagger/clean.go:287.62,288.24 1 1
fieldfuze-backend/utils/swagger/clean.go:288.24,290.3 1 1
fieldfuze-backend/utils/swagger/clean.go:291.2,291.32 1 1
fieldfuze-backend/utils/swagger/clean.go:291.32,293.3 1 1
fieldfuze-backend/utils/swagger/clean.go:294.2,294.26 1 1
fieldfuze-backend/utils/swagger/clean.go:294.26,296.3 1 1
fieldfuze-backend/utils/swagger/clean.go:298.2,300.30 2 1
fieldfuze-backend/utils/swagger/clean.go:300.30,302.56 2 1
fieldfuze-backend/utils/swagger/clean.go:302.56,304.4 1 0
fieldfuze-backend/utils/swagger/loginform.go:194.64,197.30 2 1
fieldfuze-backend/utils/swagger/loginform.go:197.30,200.56 2 1
fieldfuze-backend/utils/swagger/loginform.go:200.56,203.4 2 0
fieldfuze-backend/utils/swagger/swagger.go:263.59,265.24 1 1
fieldfuze-backend/utils/swagger/swagger.go:265.24,267.3 1 1
fieldfuze-backend/utils/swagger/swagger.go:268.2,268.32 1 1
fieldfuze-backend/utils/swagger/swagger.go:268.32,270.3 1 1
fieldfuze-backend/utils/swagger/swagger.go:271.2,271.26 1 1
fieldfuze-backend/utils/swagger/swagger.go:271.26,273.3 1 1
fieldfuze-backend/utils/swagger/swagger.go:275.2,277.30 2 1
fieldfuze-backend/utils/swagger/swagger.go:277.30,279.56 2 1
fieldfuze-backend/utils/swagger/swagger.go:279.56,281.4 1 0
fieldfuze-backend/utils/utils.go:17.42,19.16 2 1
fieldfuze-backend/utils/utils.go:19.16,21.3 1 0
fieldfuze-backend/utils/utils.go:22.2,22.20 1 1
fieldfuze-backend/utils/utils.go:26.37,45.41 11 1
fieldfuze-backend/utils/utils.go:45.41,48.3 1 0
fieldfuze-backend/utils/utils.go:48.8,50.3 1 1
fieldfuze-backend/utils/utils.go:53.2,53.20 1 1
fieldfuze-backend/utils/utils.go:53.20,56.3 1 1
fieldfuze-backend/utils/utils.go:58.2,59.45 2 1
fieldfuze-backend/utils/utils.go:59.45,61.3 1 1
fieldfuze-backend/utils/utils.go:64.2,64.31 1 1
fieldfuze-backend/utils/utils.go:64.31,66.23 2 1
fieldfuze-backend/utils/utils.go:66.23,67.66 1 1
fieldfuze-backend/utils/utils.go:67.66,69.5 1 0
fieldfuze-backend/utils/utils.go:69.10,71.5 1 1
fieldfuze-backend/utils/utils.go:76.2,76.42 1 1
fieldfuze-backend/utils/utils.go:76.42,78.3 1 1
fieldfuze-backend/utils/utils.go:80.2,80.21 1 1
fieldfuze-backend/utils/utils.go:84.34,129.2 25 1
fieldfuze-backend/utils/utils.go:132.39,134.102 1 1
fieldfuze-backend/utils/utils.go:134.102,136.3 1 1
fieldfuze-backend/utils/utils.go:139.2,139.56 1 1
fieldfuze-backend/utils/utils.go:139.56,141.3 1 1
fieldfuze-backend/utils/utils.go:143.2,143.12 1 1
fieldfuze-backend/utils/utils.go:147.42,149.25 1 1
fieldfuze-backend/utils/utils.go:149.25,151.3 1 1
fieldfuze-backend/utils/utils.go:152.2,152.28 1 1
fieldfuze-backend/utils/utils.go:152.28,154.3 1 1
fieldfuze-backend/utils/utils.go:155.2,155.24 1 1
fieldfuze-backend/utils/utils.go:155.24,157.3 1 1
fieldfuze-backend/utils/utils.go:158.2,158.25 1 1
fieldfuze-backend/utils/utils.go:158.25,160.3 1 1
fieldfuze-backend/utils/utils.go:161.2,161.25 1 1
fieldfuze-backend/utils/utils.go:161.25,163.3 1 1
fieldfuze-backend/utils/utils.go:166.2,166.27 1 1
fieldfuze-backend/utils/utils.go:166.27,168.3 1 1
fieldfuze-backend/utils/utils.go:169.2,169.31 1 1
fieldfuze-backend/utils/utils.go:169.31,171.3 1 1
fieldfuze-backend/utils/utils.go:174.2,174.57 1 1
fieldfuze-backend/utils/utils.go:174.57,176.3 1 1
fieldfuze-backend/utils/utils.go:177.2,177.54 1 1
fieldfuze-backend/utils/utils.go:177.54,179.3 1 1
fieldfuze-backend/utils/utils.go:180.2,180.48 1 1
fieldfuze-backend/utils/utils.go:180.48,182.3 1 1
fieldfuze-backend/utils/utils.go:183.2,183.48 1 1
fieldfuze-backend/utils/utils.go:183.48,185.3 1 1
fieldfuze-backend/utils/utils.go:188.2,188.27 1 1
fieldfuze-backend/utils/utils.go:188.27,190.3 1 1
fieldfuze-backend/utils/utils.go:191.2,191.34 1 1
fieldfuze-backend/utils/utils.go:191.34,193.3 1 1
fieldfuze-backend/utils/utils.go:194.2,194.38 1 1
fieldfuze-backend/utils/utils.go:194.38,196.3 1 1
fieldfuze-backend/utils/utils.go:197.2,197.38 1 1
fieldfuze-backend/utils/utils.go:197.38,199.3 1 1
fieldfuze-backend/utils/utils.go:200.2,200.42 1 1
fieldfuze-backend/utils/utils.go:200.42,202.3 1 1
fieldfuze-backend/utils/utils.go:205.2,205.31 1 1
fieldfuze-backend/utils/utils.go:205.31,207.3 1 1
fieldfuze-backend/utils/utils.go:208.2,208.30 1 1
fieldfuze-backend/utils/utils.go:208.30,210.3 1 1
fieldfuze-backend/utils/utils.go:211.2,211.34 1 1
fieldfuze-backend/utils/utils.go:211.34,213.3 1 1
fieldfuze-backend/utils/utils.go:216.2,216.30 1 1
fieldfuze-backend/utils/utils.go:216.30,218.3 1 0
fieldfuze-backend/utils/utils.go:219.2,219.31 1 1
fieldfuze-backend/utils/utils.go:219.31,221.3 1 0
fieldfuze-backend/utils/utils.go:224.2,224.29 1 1
fieldfuze-backend/utils/utils.go:224.29,226.3 1 1
fieldfuze-backend/utils/utils.go:229.2,229.47 1 1
fieldfuze-backend/utils/utils.go:229.47,231.3 1 1
fieldfuze-backend/utils/utils.go:234.2,234.25 1 1
fieldfuze-backend/utils/utils.go:234.25,236.3 1 1
fieldfuze-backend/utils/utils.go:240.47,242.16 2 1
fieldfuze-backend/utils/utils.go:242.16,245.3 2 1
fieldfuze-backend/utils/utils.go:246.2,246.27 1 1
fieldfuze-backend/utils/utils.go:250.28,252.2 1 1
fieldfuze-backend/utils/utils.go:255.52,257.16 2 1
fieldfuze-backend/utils/utils.go:257.16,259.3 1 1
fieldfuze-backend/utils/utils.go:260.2,260.33 1 1
fieldfuze-backend/utils/utils.go:264.58,267.2 2 1
